Using pre-set license
Built from '2022.3/staging' branch; Version is '2022.3.9f1 (ea401c316338) revision 15351836'; Using compiler version '192829333'; Build Type 'Release'
OS: 'Windows 11  (10.0.22621) 64bit CoreSingleLanguage' Language: 'pt' Physical Memory: 15741 MB
BatchMode: 1, IsHumanControllingUs: 0, StartBugReporterOnCrash: 0, Is64bit: 1, IsPro: 1

COMMAND LINE ARGUMENTS:
C:\Program Files\Unity\Hub\Editor\2022.3.9f1\Editor\Unity.exe
-adb2
-batchMode
-noUpm
-name
AssetImportWorker4
-projectPath
C:/Users/aryel/OneDrive/Área de Trabalho/walter/Walter/Walter/Walter
-logFile
Logs/AssetImportWorker4.log
-srvPort
59157
Successfully changed project path to: C:/Users/aryel/OneDrive/Área de Trabalho/walter/Walter/Walter/Walter
C:/Users/aryel/OneDrive/Área de Trabalho/walter/Walter/Walter/Walter
[UnityMemory] Configuration Parameters - Can be set up in boot.config
    "memorysetup-bucket-allocator-granularity=16"
    "memorysetup-bucket-allocator-bucket-count=8"
    "memorysetup-bucket-allocator-block-size=33554432"
    "memorysetup-bucket-allocator-block-count=8"
    "memorysetup-main-allocator-block-size=16777216"
    "memorysetup-thread-allocator-block-size=16777216"
    "memorysetup-gfx-main-allocator-block-size=16777216"
    "memorysetup-gfx-thread-allocator-block-size=16777216"
    "memorysetup-cache-allocator-block-size=4194304"
    "memorysetup-typetree-allocator-block-size=2097152"
    "memorysetup-profiler-bucket-allocator-granularity=16"
    "memorysetup-profiler-bucket-allocator-bucket-count=8"
    "memorysetup-profiler-bucket-allocator-block-size=33554432"
    "memorysetup-profiler-bucket-allocator-block-count=8"
    "memorysetup-profiler-allocator-block-size=16777216"
    "memorysetup-profiler-editor-allocator-block-size=1048576"
    "memorysetup-temp-allocator-size-main=16777216"
    "memorysetup-job-temp-allocator-block-size=2097152"
    "memorysetup-job-temp-allocator-block-size-background=1048576"
    "memorysetup-job-temp-allocator-reduction-small-platforms=262144"
    "memorysetup-allocator-temp-initial-block-size-main=262144"
    "memorysetup-allocator-temp-initial-block-size-worker=262144"
    "memorysetup-temp-allocator-size-background-worker=32768"
    "memorysetup-temp-allocator-size-job-worker=262144"
    "memorysetup-temp-allocator-size-preload-manager=33554432"
    "memorysetup-temp-allocator-size-nav-mesh-worker=65536"
    "memorysetup-temp-allocator-size-audio-worker=65536"
    "memorysetup-temp-allocator-size-cloud-worker=32768"
    "memorysetup-temp-allocator-size-gi-baking-worker=262144"
    "memorysetup-temp-allocator-size-gfx=262144"
Player connection [14344] Host "[IP] 192.168.142.17 [Port] 0 [Flags] 2 [Guid] 2026916711 [EditorId] 2026916711 [Version] 1048832 [Id] WindowsEditor(7,Aryel) [Debug] 1 [PackageName] WindowsEditor [ProjectName] Editor" joined multi-casting on [225.0.0.222:54997]...

Player connection [14344] Host "[IP] 192.168.142.17 [Port] 0 [Flags] 2 [Guid] 2026916711 [EditorId] 2026916711 [Version] 1048832 [Id] WindowsEditor(7,Aryel) [Debug] 1 [PackageName] WindowsEditor [ProjectName] Editor" joined alternative multi-casting on [225.0.0.222:34997]...

[Physics::Module] Initialized MultithreadedJobDispatcher with 15 workers.
Refreshing native plugins compatible for Editor in 17.55 ms, found 4 plugins.
Preloading 0 native plugins for Editor in 0.00 ms.
Initialize engine version: 2022.3.9f1 (ea401c316338)
[Subsystems] Discovering subsystems at path C:/Program Files/Unity/Hub/Editor/2022.3.9f1/Editor/Data/Resources/UnitySubsystems
[Subsystems] Discovering subsystems at path C:/Users/aryel/OneDrive/Área de Trabalho/walter/Walter/Walter/Walter/Assets
GfxDevice: creating device client; threaded=0; jobified=0
Direct3D:
    Version:  Direct3D 11.0 [level 11.1]
    Renderer: NVIDIA GeForce GTX 1650 (ID=0x1f99)
    Vendor:   NVIDIA
    VRAM:     3950 MB
    Driver:   31.0.15.3742
Initialize mono
Mono path[0] = 'C:/Program Files/Unity/Hub/Editor/2022.3.9f1/Editor/Data/Managed'
Mono path[1] = 'C:/Program Files/Unity/Hub/Editor/2022.3.9f1/Editor/Data/MonoBleedingEdge/lib/mono/unityjit-win32'
Mono config path = 'C:/Program Files/Unity/Hub/Editor/2022.3.9f1/Editor/Data/MonoBleedingEdge/etc'
Using monoOptions --debugger-agent=transport=dt_socket,embedding=1,server=y,suspend=n,address=127.0.0.1:56300
Begin MonoManager ReloadAssembly
Registering precompiled unity dll's ...
Register platform support module: C:/Program Files/Unity/Hub/Editor/2022.3.9f1/Editor/Data/PlaybackEngines/WindowsStandaloneSupport/UnityEditor.WindowsStandalone.Extensions.dll
Registered in 0.009612 seconds.
- Loaded All Assemblies, in  0.456 seconds
Native extension for WindowsStandalone target not found
Mono: successfully reloaded assembly
- Finished resetting the current domain, in  0.383 seconds
Domain Reload Profiling: 837ms
	BeginReloadAssembly (127ms)
		ExecutionOrderSort (0ms)
		DisableScriptedObjects (0ms)
		BackupInstance (0ms)
		ReleaseScriptingObjects (0ms)
		CreateAndSetChildDomain (1ms)
	RebuildCommonClasses (45ms)
	RebuildNativeTypeToScriptingClass (13ms)
	initialDomainReloadingComplete (77ms)
	LoadAllAssembliesAndSetupDomain (192ms)
		LoadAssemblies (124ms)
		RebuildTransferFunctionScriptingTraits (0ms)
		AnalyzeDomain (190ms)
			TypeCache.Refresh (187ms)
				TypeCache.ScanAssembly (169ms)
			ScanForSourceGeneratedMonoScriptInfo (1ms)
			ResolveRequiredComponents (1ms)
	FinalizeReload (384ms)
		ReleaseScriptCaches (0ms)
		RebuildScriptCaches (0ms)
		SetupLoadedEditorAssemblies (293ms)
			LogAssemblyErrors (0ms)
			InitializePlatformSupportModulesInManaged (12ms)
			SetLoadedEditorAssemblies (12ms)
			RefreshPlugins (0ms)
			BeforeProcessingInitializeOnLoad (3ms)
			ProcessInitializeOnLoadAttributes (198ms)
			ProcessInitializeOnLoadMethodAttributes (67ms)
			AfterProcessingInitializeOnLoad (0ms)
			EditorAssembliesLoaded (0ms)
		ExecutionOrderSort2 (0ms)
		AwakeInstancesAfterBackupRestoration (0ms)
========================================================================
Worker process is ready to serve import requests
Begin MonoManager ReloadAssembly
- Loaded All Assemblies, in  0.752 seconds
Refreshing native plugins compatible for Editor in 5.25 ms, found 4 plugins.
Native extension for WindowsStandalone target not found
Package Manager log level set to [2]
[Package Manager] Server::EnsureServerProcessIsRunning -- launch failed, reason: Unity was launched with the -noUpm command-line argument
[Package Manager] UpmClient::Send -- Unable to send message (not connected to UPM process).
[Package Manager] Cannot connect to Unity Package Manager local server
Mono: successfully reloaded assembly
- Finished resetting the current domain, in  0.897 seconds
Domain Reload Profiling: 1644ms
	BeginReloadAssembly (185ms)
		ExecutionOrderSort (0ms)
		DisableScriptedObjects (5ms)
		BackupInstance (0ms)
		ReleaseScriptingObjects (0ms)
		CreateAndSetChildDomain (26ms)
	RebuildCommonClasses (48ms)
	RebuildNativeTypeToScriptingClass (15ms)
	initialDomainReloadingComplete (62ms)
	LoadAllAssembliesAndSetupDomain (437ms)
		LoadAssemblies (395ms)
		RebuildTransferFunctionScriptingTraits (0ms)
		AnalyzeDomain (162ms)
			TypeCache.Refresh (139ms)
				TypeCache.ScanAssembly (125ms)
			ScanForSourceGeneratedMonoScriptInfo (18ms)
			ResolveRequiredComponents (4ms)
	FinalizeReload (898ms)
		ReleaseScriptCaches (0ms)
		RebuildScriptCaches (0ms)
		SetupLoadedEditorAssemblies (685ms)
			LogAssemblyErrors (0ms)
			InitializePlatformSupportModulesInManaged (10ms)
			SetLoadedEditorAssemblies (6ms)
			RefreshPlugins (0ms)
			BeforeProcessingInitializeOnLoad (87ms)
			ProcessInitializeOnLoadAttributes (527ms)
			ProcessInitializeOnLoadMethodAttributes (44ms)
			AfterProcessingInitializeOnLoad (11ms)
			EditorAssembliesLoaded (0ms)
		ExecutionOrderSort2 (0ms)
		AwakeInstancesAfterBackupRestoration (8ms)
Launched and connected shader compiler UnityShaderCompiler.exe after 0.05 seconds
Refreshing native plugins compatible for Editor in 5.17 ms, found 4 plugins.
Preloading 0 native plugins for Editor in 0.00 ms.
Unloading 4055 Unused Serialized files (Serialized files now loaded: 0)
Unloading 63 unused Assets / (60.6 KB). Loaded Objects now: 4520.
Memory consumption went from 141.7 MB to 141.7 MB.
Total: 4.394900 ms (FindLiveObjects: 0.450500 ms CreateObjectMapping: 0.253300 ms MarkObjects: 3.555200 ms  DeleteObjects: 0.134700 ms)

AssetImportParameters requested are different than current active one (requested -> active):
  custom:container-demuxer-ogg: 62fdf1f143b41e24485cea50d1cbac27 -> 
  custom:video-decoder-ogg-theora: a1e56fd34408186e4bbccfd4996cb3dc -> 
  custom:framework-win-MediaFoundation: 216162199b28c13a410421893ffa2e32 -> 
  custom:CustomObjectIndexerAttribute: 756ad292c208cfabdd7b50bc23989ffe -> 
  custom:container-demuxer-webm: 4f35f7cbe854078d1ac9338744f61a02 -> 
  custom:container-muxer-webm: aa71ff27fc2769a1b78a27578f13a17b -> 
  custom:video-decoder-webm-vp8: 9c59270c3fd7afecdb556c50c9e8de78 -> 
  custom:SearchIndexIgnoredProperties: e643bd26f0fe6173181afceb89e7c659 -> 
  custom:AudioImporter_EditorPlatform: d09bf68614088b80899f8185d706f6e7 -> 
  custom:video-encoder-webm-vp8: eb34c28f22e8b96e1ab97ce403110664 -> 
  custom:audio-decoder-ogg-vorbis: bf7c407c2cedff20999df2af8eb42d56 -> 
  custom:audio-encoder-webm-vorbis: bf7c407c2cedff20999df2af8eb42d56 -> 
========================================================================
Received Import Request.
  Time since last request: 70983.334097 seconds.
  path: Assets/Sprites/BackGorund Industrial
  artifactKey: Guid(7696bccc62bdbf149976fd0dfde2e585) Importer(815301076,1909f56bfc062723c751e8b465ee728b)
Start importing Assets/Sprites/BackGorund Industrial using Guid(7696bccc62bdbf149976fd0dfde2e585) Importer(815301076,1909f56bfc062723c751e8b465ee728b)  -> (artifact id: 'b35dc9ad8849386bf601cfb872424e9d') in 0.002860 seconds
Number of updated asset objects reloaded before import = 0
Number of asset objects unloaded after import = 0
========================================================================
Received Import Request.
  Time since last request: 0.345551 seconds.
  path: Assets/Sprites/BackGorund Industrial/1.png
  artifactKey: Guid(7bf32a64fbc339448aa864b6b4392361) Importer(815301076,1909f56bfc062723c751e8b465ee728b)
Start importing Assets/Sprites/BackGorund Industrial/1.png using Guid(7bf32a64fbc339448aa864b6b4392361) Importer(815301076,1909f56bfc062723c751e8b465ee728b)  -> (artifact id: '43a16dde3b37414a15f15e6f59e75a88') in 0.118506 seconds
Number of updated asset objects reloaded before import = 0
Number of asset objects unloaded after import = 3
========================================================================
Received Import Request.
  Time since last request: 4.185247 seconds.
  path: Assets/Sprites/tilemap/IndustrialTile_01.png
  artifactKey: Guid(9856e3e5ddb71bd4ca8d00bce6c7ad4e) Importer(815301076,1909f56bfc062723c751e8b465ee728b)
Start importing Assets/Sprites/tilemap/IndustrialTile_01.png using Guid(9856e3e5ddb71bd4ca8d00bce6c7ad4e) Importer(815301076,1909f56bfc062723c751e8b465ee728b)  -> (artifact id: '9861a70d81c20535fa6379d4a260ea2f') in 0.021809 seconds
Number of updated asset objects reloaded before import = 0
Number of asset objects unloaded after import = 3
========================================================================
Received Import Request.
  Time since last request: 0.000024 seconds.
  path: Assets/Sprites/tilemap/IndustrialTile_07.png
  artifactKey: Guid(e9902c679ffb298429a404c29ebd00e5) Importer(815301076,1909f56bfc062723c751e8b465ee728b)
Start importing Assets/Sprites/tilemap/IndustrialTile_07.png using Guid(e9902c679ffb298429a404c29ebd00e5) Importer(815301076,1909f56bfc062723c751e8b465ee728b)  -> (artifact id: 'ba0ed6181dccc6bde0c41ed66cbc1871') in 0.022632 seconds
Number of updated asset objects reloaded before import = 0
Number of asset objects unloaded after import = 3
========================================================================
Received Import Request.
  Time since last request: 0.000026 seconds.
  path: Assets/Sprites/tilemap/IndustrialTile_11.png
  artifactKey: Guid(fc64968bfd87cef49bc5906f05336605) Importer(815301076,1909f56bfc062723c751e8b465ee728b)
Start importing Assets/Sprites/tilemap/IndustrialTile_11.png using Guid(fc64968bfd87cef49bc5906f05336605) Importer(815301076,1909f56bfc062723c751e8b465ee728b)  -> (artifact id: '80777cb77ce0f37cb53ba57b19db15b9') in 0.023978 seconds
Number of updated asset objects reloaded before import = 0
Number of asset objects unloaded after import = 3
========================================================================
Received Import Request.
  Time since last request: 0.000017 seconds.
  path: Assets/Sprites/tilemap/IndustrialTile_17.png
  artifactKey: Guid(b2a7964cfd4f43b49846787408e4966d) Importer(815301076,1909f56bfc062723c751e8b465ee728b)
Start importing Assets/Sprites/tilemap/IndustrialTile_17.png using Guid(b2a7964cfd4f43b49846787408e4966d) Importer(815301076,1909f56bfc062723c751e8b465ee728b)  -> (artifact id: '448152b288d21a71015225e4b94e7dc7') in 0.023889 seconds
Number of updated asset objects reloaded before import = 0
Number of asset objects unloaded after import = 3
========================================================================
Received Import Request.
  Time since last request: 0.000026 seconds.
  path: Assets/Sprites/tilemap/IndustrialTile_21.png
  artifactKey: Guid(a8b309c513ae65545a5033840e12f0c4) Importer(815301076,1909f56bfc062723c751e8b465ee728b)
Start importing Assets/Sprites/tilemap/IndustrialTile_21.png using Guid(a8b309c513ae65545a5033840e12f0c4) Importer(815301076,1909f56bfc062723c751e8b465ee728b)  -> (artifact id: '21e47d99415f1887493a39ef54955ef3') in 0.021194 seconds
Number of updated asset objects reloaded before import = 0
Number of asset objects unloaded after import = 3
========================================================================
Received Import Request.
  Time since last request: 0.000029 seconds.
  path: Assets/Sprites/tilemap/IndustrialTile_24.png
  artifactKey: Guid(4d205572f9e03494fa97c797f1060545) Importer(815301076,1909f56bfc062723c751e8b465ee728b)
Start importing Assets/Sprites/tilemap/IndustrialTile_24.png using Guid(4d205572f9e03494fa97c797f1060545) Importer(815301076,1909f56bfc062723c751e8b465ee728b)  -> (artifact id: 'e3778fe4319805cbc8f21a39176c7066') in 0.025903 seconds
Number of updated asset objects reloaded before import = 0
Number of asset objects unloaded after import = 3
========================================================================
Received Import Request.
  Time since last request: 0.000021 seconds.
  path: Assets/Sprites/tilemap/IndustrialTile_28.png
  artifactKey: Guid(19c6a37035a6944408d45aa3e517332b) Importer(815301076,1909f56bfc062723c751e8b465ee728b)
Start importing Assets/Sprites/tilemap/IndustrialTile_28.png using Guid(19c6a37035a6944408d45aa3e517332b) Importer(815301076,1909f56bfc062723c751e8b465ee728b)  -> (artifact id: '7cea474892d694f6a61f13ca1b0d83c6') in 0.022029 seconds
Number of updated asset objects reloaded before import = 0
Number of asset objects unloaded after import = 3
========================================================================
Received Import Request.
  Time since last request: 0.000084 seconds.
  path: Assets/Sprites/tilemap/IndustrialTile_30.png
  artifactKey: Guid(7cb0155f14a98824b86ade1127d918a5) Importer(815301076,1909f56bfc062723c751e8b465ee728b)
Start importing Assets/Sprites/tilemap/IndustrialTile_30.png using Guid(7cb0155f14a98824b86ade1127d918a5) Importer(815301076,1909f56bfc062723c751e8b465ee728b)  -> (artifact id: 'b95525ee4586c1f0784b68ff5daf35b4') in 0.021895 seconds
Number of updated asset objects reloaded before import = 0
Number of asset objects unloaded after import = 3
========================================================================
Received Import Request.
  Time since last request: 0.000021 seconds.
  path: Assets/Sprites/tilemap/IndustrialTile_05.asset
  artifactKey: Guid(155f96840d0080c4691c678bd2db0d8c) Importer(815301076,1909f56bfc062723c751e8b465ee728b)
Start importing Assets/Sprites/tilemap/IndustrialTile_05.asset using Guid(155f96840d0080c4691c678bd2db0d8c) Importer(815301076,1909f56bfc062723c751e8b465ee728b)  -> (artifact id: '44afc6822f450645199d62819c3e111f') in 0.016374 seconds
Number of updated asset objects reloaded before import = 0
Number of asset objects unloaded after import = 3
========================================================================
Received Import Request.
  Time since last request: 0.000022 seconds.
  path: Assets/Sprites/tilemap/IndustrialTile_38.png
  artifactKey: Guid(1f18977419eb294409b78fbe6b7c09e8) Importer(815301076,1909f56bfc062723c751e8b465ee728b)
Start importing Assets/Sprites/tilemap/IndustrialTile_38.png using Guid(1f18977419eb294409b78fbe6b7c09e8) Importer(815301076,1909f56bfc062723c751e8b465ee728b)  -> (artifact id: '228e3f0d6851b9558c807fa0353cbcff') in 0.024302 seconds
Number of updated asset objects reloaded before import = 0
Number of asset objects unloaded after import = 3
========================================================================
Received Import Request.
  Time since last request: 0.000026 seconds.
  path: Assets/Sprites/tilemap/IndustrialTile_22.png
  artifactKey: Guid(45c4a97ec60dd09499ff953588074448) Importer(815301076,1909f56bfc062723c751e8b465ee728b)
Start importing Assets/Sprites/tilemap/IndustrialTile_22.png using Guid(45c4a97ec60dd09499ff953588074448) Importer(815301076,1909f56bfc062723c751e8b465ee728b)  -> (artifact id: 'be12fe80eefd3bbe921da56412e51c80') in 0.028428 seconds
Number of updated asset objects reloaded before import = 0
Number of asset objects unloaded after import = 3
========================================================================
Received Import Request.
  Time since last request: 0.000023 seconds.
  path: Assets/Sprites/tilemap/IndustrialTile_35.png
  artifactKey: Guid(aa5f5f024c5b0e84bb89d1d93c861322) Importer(815301076,1909f56bfc062723c751e8b465ee728b)
Start importing Assets/Sprites/tilemap/IndustrialTile_35.png using Guid(aa5f5f024c5b0e84bb89d1d93c861322) Importer(815301076,1909f56bfc062723c751e8b465ee728b)  -> (artifact id: 'e77f80dd60803a656052ece8c27a24b5') in 0.025178 seconds
Number of updated asset objects reloaded before import = 0
Number of asset objects unloaded after import = 3
========================================================================
Received Import Request.
  Time since last request: 0.568420 seconds.
  path: Assets/Sprites/tilemap/IndustrialTile_42.png
  artifactKey: Guid(b440e60359956064f85dc9e2dd3832ff) Importer(815301076,1909f56bfc062723c751e8b465ee728b)
Start importing Assets/Sprites/tilemap/IndustrialTile_42.png using Guid(b440e60359956064f85dc9e2dd3832ff) Importer(815301076,1909f56bfc062723c751e8b465ee728b)  -> (artifact id: 'a707c1b8c98595df8abe442ba209c965') in 0.017453 seconds
Number of updated asset objects reloaded before import = 0
Number of asset objects unloaded after import = 3
========================================================================
Received Import Request.
  Time since last request: 0.003431 seconds.
  path: Assets/Sprites/tilemap/IndustrialTile_46.png
  artifactKey: Guid(aebd8da11403dc74199406c33f6bd51a) Importer(815301076,1909f56bfc062723c751e8b465ee728b)
Start importing Assets/Sprites/tilemap/IndustrialTile_46.png using Guid(aebd8da11403dc74199406c33f6bd51a) Importer(815301076,1909f56bfc062723c751e8b465ee728b)  -> (artifact id: 'e1bbd8fcd008e138c3a3547960b1db85') in 0.020478 seconds
Number of updated asset objects reloaded before import = 0
Number of asset objects unloaded after import = 3
========================================================================
Received Import Request.
  Time since last request: 0.002660 seconds.
  path: Assets/Sprites/tilemap/IndustrialTile_50.png
  artifactKey: Guid(397fa2e294c766244a91c9eb14c342dd) Importer(815301076,1909f56bfc062723c751e8b465ee728b)
Start importing Assets/Sprites/tilemap/IndustrialTile_50.png using Guid(397fa2e294c766244a91c9eb14c342dd) Importer(815301076,1909f56bfc062723c751e8b465ee728b)  -> (artifact id: '41d505f2306d4a49ac1d9c403f0627a0') in 0.023847 seconds
Number of updated asset objects reloaded before import = 0
Number of asset objects unloaded after import = 3
========================================================================
Received Import Request.
  Time since last request: 0.013361 seconds.
  path: Assets/Sprites/tilemap/IndustrialTile_54.png
  artifactKey: Guid(7b7c3241f6edb7a41ab8565b48c34074) Importer(815301076,1909f56bfc062723c751e8b465ee728b)
Start importing Assets/Sprites/tilemap/IndustrialTile_54.png using Guid(7b7c3241f6edb7a41ab8565b48c34074) Importer(815301076,1909f56bfc062723c751e8b465ee728b)  -> (artifact id: '0cd5641760fe972e87cf16995c7ef51b') in 0.016864 seconds
Number of updated asset objects reloaded before import = 0
Number of asset objects unloaded after import = 3
========================================================================
Received Import Request.
  Time since last request: 0.003214 seconds.
  path: Assets/Sprites/tilemap/IndustrialTile_58.png
  artifactKey: Guid(e3fd5b1699a091a408763bd93aaec623) Importer(815301076,1909f56bfc062723c751e8b465ee728b)
Start importing Assets/Sprites/tilemap/IndustrialTile_58.png using Guid(e3fd5b1699a091a408763bd93aaec623) Importer(815301076,1909f56bfc062723c751e8b465ee728b)  -> (artifact id: '4a990afc5400e0f6c7496ddb538e3a47') in 0.021993 seconds
Number of updated asset objects reloaded before import = 0
Number of asset objects unloaded after import = 3
========================================================================
Received Import Request.
  Time since last request: 0.000825 seconds.
  path: Assets/Sprites/tilemap/IndustrialTile_62.png
  artifactKey: Guid(27280728b5612974db5db6bf48a8e2a7) Importer(815301076,1909f56bfc062723c751e8b465ee728b)
Start importing Assets/Sprites/tilemap/IndustrialTile_62.png using Guid(27280728b5612974db5db6bf48a8e2a7) Importer(815301076,1909f56bfc062723c751e8b465ee728b)  -> (artifact id: '97d572438d8afa8f155b0853026d3433') in 0.019524 seconds
Number of updated asset objects reloaded before import = 0
Number of asset objects unloaded after import = 3
========================================================================
Received Import Request.
  Time since last request: 0.002788 seconds.
  path: Assets/Sprites/tilemap/IndustrialTile_66.png
  artifactKey: Guid(627257905916c2548b0783df0f72e1e4) Importer(815301076,1909f56bfc062723c751e8b465ee728b)
Start importing Assets/Sprites/tilemap/IndustrialTile_66.png using Guid(627257905916c2548b0783df0f72e1e4) Importer(815301076,1909f56bfc062723c751e8b465ee728b)  -> (artifact id: 'd87b3ef1a0eab73761725fd966623fea') in 0.021342 seconds
Number of updated asset objects reloaded before import = 0
Number of asset objects unloaded after import = 3
========================================================================
Received Import Request.
  Time since last request: 0.001339 seconds.
  path: Assets/Sprites/tilemap/IndustrialTile_70.png
  artifactKey: Guid(d6158f1f7a042b140b9d2bd123e4aedb) Importer(815301076,1909f56bfc062723c751e8b465ee728b)
Start importing Assets/Sprites/tilemap/IndustrialTile_70.png using Guid(d6158f1f7a042b140b9d2bd123e4aedb) Importer(815301076,1909f56bfc062723c751e8b465ee728b)  -> (artifact id: '280c5db17a67bcfd42d20d1bad1c7b62') in 0.021777 seconds
Number of updated asset objects reloaded before import = 0
Number of asset objects unloaded after import = 3
========================================================================
Received Import Request.
  Time since last request: 0.002529 seconds.
  path: Assets/Sprites/tilemap/IndustrialTile_74.png
  artifactKey: Guid(3ebcb92fc91a8534b9a7adcc73d7f41f) Importer(815301076,1909f56bfc062723c751e8b465ee728b)
Start importing Assets/Sprites/tilemap/IndustrialTile_74.png using Guid(3ebcb92fc91a8534b9a7adcc73d7f41f) Importer(815301076,1909f56bfc062723c751e8b465ee728b)  -> (artifact id: '3fa9d6582aafa1143f80a05106e23902') in 0.018572 seconds
Number of updated asset objects reloaded before import = 0
Number of asset objects unloaded after import = 3
========================================================================
Received Import Request.
  Time since last request: 0.045189 seconds.
  path: Assets/Sprites/tilemap/IndustrialTile_78.png
  artifactKey: Guid(68fe8192f7ba0dd41bdf3b35cf8a4570) Importer(815301076,1909f56bfc062723c751e8b465ee728b)
Start importing Assets/Sprites/tilemap/IndustrialTile_78.png using Guid(68fe8192f7ba0dd41bdf3b35cf8a4570) Importer(815301076,1909f56bfc062723c751e8b465ee728b)  -> (artifact id: '44a529eade2e8b34775207f30dcb9452') in 0.018394 seconds
Number of updated asset objects reloaded before import = 0
Number of asset objects unloaded after import = 3
========================================================================
Received Import Request.
  Time since last request: 0.000033 seconds.
  path: Assets/Sprites/tilemap/New Palette.prefab
  artifactKey: Guid(3cd7c499469fd854dbc3f5d29e903ffc) Importer(815301076,1909f56bfc062723c751e8b465ee728b)
Start importing Assets/Sprites/tilemap/New Palette.prefab using Guid(3cd7c499469fd854dbc3f5d29e903ffc) Importer(815301076,1909f56bfc062723c751e8b465ee728b)  -> (artifact id: '54abdcd8679197dc6a3c61206777e551') in 0.053175 seconds
Number of updated asset objects reloaded before import = 0
Number of asset objects unloaded after import = 34
