Using pre-set license
Built from '2022.3/staging' branch; Version is '2022.3.9f1 (ea401c316338) revision 15351836'; Using compiler version '192829333'; Build Type 'Release'
OS: 'Windows 11  (10.0.22621) 64bit CoreSingleLanguage' Language: 'pt' Physical Memory: 15741 MB
BatchMode: 1, IsHumanControllingUs: 0, StartBugReporterOnCrash: 0, Is64bit: 1, IsPro: 1

COMMAND LINE ARGUMENTS:
C:\Program Files\Unity\Hub\Editor\2022.3.9f1\Editor\Unity.exe
-adb2
-batchMode
-noUpm
-name
AssetImportWorker5
-projectPath
C:/Users/aryel/OneDrive/Área de Trabalho/walter/Walter/Walter/Walter
-logFile
Logs/AssetImportWorker5.log
-srvPort
59157
Successfully changed project path to: C:/Users/aryel/OneDrive/Área de Trabalho/walter/Walter/Walter/Walter
C:/Users/aryel/OneDrive/Área de Trabalho/walter/Walter/Walter/Walter
[UnityMemory] Configuration Parameters - Can be set up in boot.config
    "memorysetup-bucket-allocator-granularity=16"
    "memorysetup-bucket-allocator-bucket-count=8"
    "memorysetup-bucket-allocator-block-size=33554432"
    "memorysetup-bucket-allocator-block-count=8"
    "memorysetup-main-allocator-block-size=16777216"
    "memorysetup-thread-allocator-block-size=16777216"
    "memorysetup-gfx-main-allocator-block-size=16777216"
    "memorysetup-gfx-thread-allocator-block-size=16777216"
    "memorysetup-cache-allocator-block-size=4194304"
    "memorysetup-typetree-allocator-block-size=2097152"
    "memorysetup-profiler-bucket-allocator-granularity=16"
    "memorysetup-profiler-bucket-allocator-bucket-count=8"
    "memorysetup-profiler-bucket-allocator-block-size=33554432"
    "memorysetup-profiler-bucket-allocator-block-count=8"
    "memorysetup-profiler-allocator-block-size=16777216"
    "memorysetup-profiler-editor-allocator-block-size=1048576"
    "memorysetup-temp-allocator-size-main=16777216"
    "memorysetup-job-temp-allocator-block-size=2097152"
    "memorysetup-job-temp-allocator-block-size-background=1048576"
    "memorysetup-job-temp-allocator-reduction-small-platforms=262144"
    "memorysetup-allocator-temp-initial-block-size-main=262144"
    "memorysetup-allocator-temp-initial-block-size-worker=262144"
    "memorysetup-temp-allocator-size-background-worker=32768"
    "memorysetup-temp-allocator-size-job-worker=262144"
    "memorysetup-temp-allocator-size-preload-manager=33554432"
    "memorysetup-temp-allocator-size-nav-mesh-worker=65536"
    "memorysetup-temp-allocator-size-audio-worker=65536"
    "memorysetup-temp-allocator-size-cloud-worker=32768"
    "memorysetup-temp-allocator-size-gi-baking-worker=262144"
    "memorysetup-temp-allocator-size-gfx=262144"
Player connection [18292] Host "[IP] 192.168.142.17 [Port] 0 [Flags] 2 [Guid] 3410224130 [EditorId] 3410224130 [Version] 1048832 [Id] WindowsEditor(7,Aryel) [Debug] 1 [PackageName] WindowsEditor [ProjectName] Editor" joined multi-casting on [225.0.0.222:54997]...

Player connection [18292] Host "[IP] 192.168.142.17 [Port] 0 [Flags] 2 [Guid] 3410224130 [EditorId] 3410224130 [Version] 1048832 [Id] WindowsEditor(7,Aryel) [Debug] 1 [PackageName] WindowsEditor [ProjectName] Editor" joined alternative multi-casting on [225.0.0.222:34997]...

[Physics::Module] Initialized MultithreadedJobDispatcher with 15 workers.
Refreshing native plugins compatible for Editor in 17.56 ms, found 4 plugins.
Preloading 0 native plugins for Editor in 0.00 ms.
Initialize engine version: 2022.3.9f1 (ea401c316338)
[Subsystems] Discovering subsystems at path C:/Program Files/Unity/Hub/Editor/2022.3.9f1/Editor/Data/Resources/UnitySubsystems
[Subsystems] Discovering subsystems at path C:/Users/aryel/OneDrive/Área de Trabalho/walter/Walter/Walter/Walter/Assets
GfxDevice: creating device client; threaded=0; jobified=0
Direct3D:
    Version:  Direct3D 11.0 [level 11.1]
    Renderer: NVIDIA GeForce GTX 1650 (ID=0x1f99)
    Vendor:   NVIDIA
    VRAM:     3950 MB
    Driver:   31.0.15.3742
Initialize mono
Mono path[0] = 'C:/Program Files/Unity/Hub/Editor/2022.3.9f1/Editor/Data/Managed'
Mono path[1] = 'C:/Program Files/Unity/Hub/Editor/2022.3.9f1/Editor/Data/MonoBleedingEdge/lib/mono/unityjit-win32'
Mono config path = 'C:/Program Files/Unity/Hub/Editor/2022.3.9f1/Editor/Data/MonoBleedingEdge/etc'
Using monoOptions --debugger-agent=transport=dt_socket,embedding=1,server=y,suspend=n,address=127.0.0.1:56472
Begin MonoManager ReloadAssembly
Registering precompiled unity dll's ...
Register platform support module: C:/Program Files/Unity/Hub/Editor/2022.3.9f1/Editor/Data/PlaybackEngines/WindowsStandaloneSupport/UnityEditor.WindowsStandalone.Extensions.dll
Registered in 0.012271 seconds.
- Loaded All Assemblies, in  0.453 seconds
Native extension for WindowsStandalone target not found
Mono: successfully reloaded assembly
- Finished resetting the current domain, in  0.397 seconds
Domain Reload Profiling: 848ms
	BeginReloadAssembly (127ms)
		ExecutionOrderSort (0ms)
		DisableScriptedObjects (0ms)
		BackupInstance (0ms)
		ReleaseScriptingObjects (0ms)
		CreateAndSetChildDomain (1ms)
	RebuildCommonClasses (40ms)
	RebuildNativeTypeToScriptingClass (12ms)
	initialDomainReloadingComplete (82ms)
	LoadAllAssembliesAndSetupDomain (189ms)
		LoadAssemblies (124ms)
		RebuildTransferFunctionScriptingTraits (0ms)
		AnalyzeDomain (186ms)
			TypeCache.Refresh (184ms)
				TypeCache.ScanAssembly (166ms)
			ScanForSourceGeneratedMonoScriptInfo (1ms)
			ResolveRequiredComponents (1ms)
	FinalizeReload (398ms)
		ReleaseScriptCaches (0ms)
		RebuildScriptCaches (0ms)
		SetupLoadedEditorAssemblies (302ms)
			LogAssemblyErrors (0ms)
			InitializePlatformSupportModulesInManaged (13ms)
			SetLoadedEditorAssemblies (11ms)
			RefreshPlugins (0ms)
			BeforeProcessingInitializeOnLoad (3ms)
			ProcessInitializeOnLoadAttributes (196ms)
			ProcessInitializeOnLoadMethodAttributes (78ms)
			AfterProcessingInitializeOnLoad (0ms)
			EditorAssembliesLoaded (0ms)
		ExecutionOrderSort2 (0ms)
		AwakeInstancesAfterBackupRestoration (0ms)
========================================================================
Worker process is ready to serve import requests
Begin MonoManager ReloadAssembly
- Loaded All Assemblies, in  0.746 seconds
Refreshing native plugins compatible for Editor in 5.79 ms, found 4 plugins.
Native extension for WindowsStandalone target not found
Package Manager log level set to [2]
[Package Manager] Server::EnsureServerProcessIsRunning -- launch failed, reason: Unity was launched with the -noUpm command-line argument
[Package Manager] UpmClient::Send -- Unable to send message (not connected to UPM process).
[Package Manager] Cannot connect to Unity Package Manager local server
Mono: successfully reloaded assembly
- Finished resetting the current domain, in  0.886 seconds
Domain Reload Profiling: 1627ms
	BeginReloadAssembly (182ms)
		ExecutionOrderSort (0ms)
		DisableScriptedObjects (5ms)
		BackupInstance (0ms)
		ReleaseScriptingObjects (0ms)
		CreateAndSetChildDomain (26ms)
	RebuildCommonClasses (49ms)
	RebuildNativeTypeToScriptingClass (15ms)
	initialDomainReloadingComplete (63ms)
	LoadAllAssembliesAndSetupDomain (433ms)
		LoadAssemblies (388ms)
		RebuildTransferFunctionScriptingTraits (0ms)
		AnalyzeDomain (162ms)
			TypeCache.Refresh (139ms)
				TypeCache.ScanAssembly (126ms)
			ScanForSourceGeneratedMonoScriptInfo (18ms)
			ResolveRequiredComponents (4ms)
	FinalizeReload (887ms)
		ReleaseScriptCaches (0ms)
		RebuildScriptCaches (0ms)
		SetupLoadedEditorAssemblies (671ms)
			LogAssemblyErrors (0ms)
			InitializePlatformSupportModulesInManaged (10ms)
			SetLoadedEditorAssemblies (5ms)
			RefreshPlugins (0ms)
			BeforeProcessingInitializeOnLoad (83ms)
			ProcessInitializeOnLoadAttributes (520ms)
			ProcessInitializeOnLoadMethodAttributes (43ms)
			AfterProcessingInitializeOnLoad (11ms)
			EditorAssembliesLoaded (0ms)
		ExecutionOrderSort2 (0ms)
		AwakeInstancesAfterBackupRestoration (9ms)
Launched and connected shader compiler UnityShaderCompiler.exe after 0.05 seconds
Refreshing native plugins compatible for Editor in 6.29 ms, found 4 plugins.
Preloading 0 native plugins for Editor in 0.00 ms.
Unloading 4055 Unused Serialized files (Serialized files now loaded: 0)
Unloading 63 unused Assets / (60.6 KB). Loaded Objects now: 4520.
Memory consumption went from 141.7 MB to 141.7 MB.
Total: 3.798800 ms (FindLiveObjects: 0.355100 ms CreateObjectMapping: 0.131300 ms MarkObjects: 3.175200 ms  DeleteObjects: 0.135900 ms)

AssetImportParameters requested are different than current active one (requested -> active):
  custom:container-demuxer-ogg: 62fdf1f143b41e24485cea50d1cbac27 -> 
  custom:video-decoder-ogg-theora: a1e56fd34408186e4bbccfd4996cb3dc -> 
  custom:framework-win-MediaFoundation: 216162199b28c13a410421893ffa2e32 -> 
  custom:CustomObjectIndexerAttribute: 756ad292c208cfabdd7b50bc23989ffe -> 
  custom:container-demuxer-webm: 4f35f7cbe854078d1ac9338744f61a02 -> 
  custom:container-muxer-webm: aa71ff27fc2769a1b78a27578f13a17b -> 
  custom:video-decoder-webm-vp8: 9c59270c3fd7afecdb556c50c9e8de78 -> 
  custom:SearchIndexIgnoredProperties: e643bd26f0fe6173181afceb89e7c659 -> 
  custom:AudioImporter_EditorPlatform: d09bf68614088b80899f8185d706f6e7 -> 
  custom:video-encoder-webm-vp8: eb34c28f22e8b96e1ab97ce403110664 -> 
  custom:audio-decoder-ogg-vorbis: bf7c407c2cedff20999df2af8eb42d56 -> 
  custom:audio-encoder-webm-vorbis: bf7c407c2cedff20999df2af8eb42d56 -> 
========================================================================
Received Import Request.
  Time since last request: 70983.684930 seconds.
  path: Assets/Sprites/BackGorund Industrial/4.png
  artifactKey: Guid(8cd78a194716aa04483d7bd76fbb8815) Importer(815301076,1909f56bfc062723c751e8b465ee728b)
Start importing Assets/Sprites/BackGorund Industrial/4.png using Guid(8cd78a194716aa04483d7bd76fbb8815) Importer(815301076,1909f56bfc062723c751e8b465ee728b)  -> (artifact id: '3db78df6d0f8888bbfe956aa1e9f455e') in 0.116696 seconds
Number of updated asset objects reloaded before import = 0
Number of asset objects unloaded after import = 3
========================================================================
Received Import Request.
  Time since last request: 4.191740 seconds.
  path: Assets/Sprites/tilemap/IndustrialTile_03.png
  artifactKey: Guid(b118edee1c6fd4642bf92408cd1a838a) Importer(815301076,1909f56bfc062723c751e8b465ee728b)
Start importing Assets/Sprites/tilemap/IndustrialTile_03.png using Guid(b118edee1c6fd4642bf92408cd1a838a) Importer(815301076,1909f56bfc062723c751e8b465ee728b)  -> (artifact id: '9d2dd7da3d4204955ac262c9930e7aa2') in 0.026361 seconds
Number of updated asset objects reloaded before import = 0
Number of asset objects unloaded after import = 3
========================================================================
Received Import Request.
  Time since last request: 0.000059 seconds.
  path: Assets/Sprites/tilemap/IndustrialTile_06.asset
  artifactKey: Guid(baa0ed9531b12f743b80af7edcc9aa3f) Importer(815301076,1909f56bfc062723c751e8b465ee728b)
Start importing Assets/Sprites/tilemap/IndustrialTile_06.asset using Guid(baa0ed9531b12f743b80af7edcc9aa3f) Importer(815301076,1909f56bfc062723c751e8b465ee728b)  -> (artifact id: 'c3f4d9f3d4258513936cc92d8ff8217e') in 0.018793 seconds
Number of updated asset objects reloaded before import = 0
Number of asset objects unloaded after import = 3
========================================================================
Received Import Request.
  Time since last request: 0.000029 seconds.
  path: Assets/Sprites/tilemap/IndustrialTile_13.png
  artifactKey: Guid(f73a5bc5fa5f56f40a13919631b08247) Importer(815301076,1909f56bfc062723c751e8b465ee728b)
Start importing Assets/Sprites/tilemap/IndustrialTile_13.png using Guid(f73a5bc5fa5f56f40a13919631b08247) Importer(815301076,1909f56bfc062723c751e8b465ee728b)  -> (artifact id: 'a0ff3cae26f784a76571371c8a437351') in 0.023509 seconds
Number of updated asset objects reloaded before import = 0
Number of asset objects unloaded after import = 3
========================================================================
Received Import Request.
  Time since last request: 0.000020 seconds.
  path: Assets/Sprites/tilemap/IndustrialTile_09.png
  artifactKey: Guid(709b42f9aee0a9646aa0f240de243d93) Importer(815301076,1909f56bfc062723c751e8b465ee728b)
Start importing Assets/Sprites/tilemap/IndustrialTile_09.png using Guid(709b42f9aee0a9646aa0f240de243d93) Importer(815301076,1909f56bfc062723c751e8b465ee728b)  -> (artifact id: '032f0e0210372ce21a85dcf994c08ca3') in 0.024296 seconds
Number of updated asset objects reloaded before import = 0
Number of asset objects unloaded after import = 3
========================================================================
Received Import Request.
  Time since last request: 0.000018 seconds.
  path: Assets/Sprites/tilemap/IndustrialTile_13.asset
  artifactKey: Guid(fafe9b159bdbfc7448244473959d60a0) Importer(815301076,1909f56bfc062723c751e8b465ee728b)
Start importing Assets/Sprites/tilemap/IndustrialTile_13.asset using Guid(fafe9b159bdbfc7448244473959d60a0) Importer(815301076,1909f56bfc062723c751e8b465ee728b)  -> (artifact id: '4c6253c976e4fc4b15ac1f96d71c0bd3') in 0.011414 seconds
Number of updated asset objects reloaded before import = 0
Number of asset objects unloaded after import = 3
========================================================================
Received Import Request.
  Time since last request: 0.000022 seconds.
  path: Assets/Sprites/tilemap/IndustrialTile_23.png
  artifactKey: Guid(0dc3c3752039d1346bc2910f247bc160) Importer(815301076,1909f56bfc062723c751e8b465ee728b)
Start importing Assets/Sprites/tilemap/IndustrialTile_23.png using Guid(0dc3c3752039d1346bc2910f247bc160) Importer(815301076,1909f56bfc062723c751e8b465ee728b)  -> (artifact id: '2c8ada642136b4255c56c09d2f07b210') in 0.023195 seconds
Number of updated asset objects reloaded before import = 0
Number of asset objects unloaded after import = 3
========================================================================
Received Import Request.
  Time since last request: 0.000036 seconds.
  path: Assets/Sprites/tilemap/IndustrialTile_25.asset
  artifactKey: Guid(9baf0543e83183e40b29881598495574) Importer(815301076,1909f56bfc062723c751e8b465ee728b)
Start importing Assets/Sprites/tilemap/IndustrialTile_25.asset using Guid(9baf0543e83183e40b29881598495574) Importer(815301076,1909f56bfc062723c751e8b465ee728b)  -> (artifact id: 'bb79482c8f1b10d428fb7621379045de') in 0.003344 seconds
Number of updated asset objects reloaded before import = 0
Number of asset objects unloaded after import = 1
========================================================================
Received Import Request.
  Time since last request: 0.000019 seconds.
  path: Assets/Sprites/tilemap/IndustrialTile_29.png
  artifactKey: Guid(c4a5dd9780841154882b6e8b7988382c) Importer(815301076,1909f56bfc062723c751e8b465ee728b)
Start importing Assets/Sprites/tilemap/IndustrialTile_29.png using Guid(c4a5dd9780841154882b6e8b7988382c) Importer(815301076,1909f56bfc062723c751e8b465ee728b)  -> (artifact id: '85153b80c89683b658928b0801fc8273') in 0.023642 seconds
Number of updated asset objects reloaded before import = 0
Number of asset objects unloaded after import = 3
========================================================================
Received Import Request.
  Time since last request: 0.000022 seconds.
  path: Assets/Sprites/tilemap/IndustrialTile_04.png
  artifactKey: Guid(f3b6644983867464aa5cb66be49f6b5c) Importer(815301076,1909f56bfc062723c751e8b465ee728b)
Start importing Assets/Sprites/tilemap/IndustrialTile_04.png using Guid(f3b6644983867464aa5cb66be49f6b5c) Importer(815301076,1909f56bfc062723c751e8b465ee728b)  -> (artifact id: '998bfeb4a2a4560db8b71b49a35590ad') in 0.021517 seconds
Number of updated asset objects reloaded before import = 0
Number of asset objects unloaded after import = 3
========================================================================
Received Import Request.
  Time since last request: 0.000020 seconds.
  path: Assets/Sprites/tilemap/IndustrialTile_36.png
  artifactKey: Guid(3325853f99588c7438e8bc79ac21cccd) Importer(815301076,1909f56bfc062723c751e8b465ee728b)
Start importing Assets/Sprites/tilemap/IndustrialTile_36.png using Guid(3325853f99588c7438e8bc79ac21cccd) Importer(815301076,1909f56bfc062723c751e8b465ee728b)  -> (artifact id: 'cb3d89035dce27da107b12cbfa74e393') in 0.020876 seconds
Number of updated asset objects reloaded before import = 0
Number of asset objects unloaded after import = 3
========================================================================
Received Import Request.
  Time since last request: 0.000019 seconds.
  path: Assets/Sprites/tilemap/IndustrialTile_39.png
  artifactKey: Guid(e36e0da3070fd22499ebd12619601ccc) Importer(815301076,1909f56bfc062723c751e8b465ee728b)
Start importing Assets/Sprites/tilemap/IndustrialTile_39.png using Guid(e36e0da3070fd22499ebd12619601ccc) Importer(815301076,1909f56bfc062723c751e8b465ee728b)  -> (artifact id: 'bb10d6e52f42a118b2d2a59cefef5a28') in 0.025079 seconds
Number of updated asset objects reloaded before import = 0
Number of asset objects unloaded after import = 3
========================================================================
Received Import Request.
  Time since last request: 0.000028 seconds.
  path: Assets/Sprites/tilemap/IndustrialTile_33.png
  artifactKey: Guid(61684329774ff7c4d849ddbe7d946396) Importer(815301076,1909f56bfc062723c751e8b465ee728b)
Start importing Assets/Sprites/tilemap/IndustrialTile_33.png using Guid(61684329774ff7c4d849ddbe7d946396) Importer(815301076,1909f56bfc062723c751e8b465ee728b)  -> (artifact id: 'a2068d0bbfac1aeeba58b74b532b989c') in 0.029345 seconds
Number of updated asset objects reloaded before import = 0
Number of asset objects unloaded after import = 3
========================================================================
Received Import Request.
  Time since last request: 0.000024 seconds.
  path: Assets/Sprites/tilemap/IndustrialTile_40.png
  artifactKey: Guid(3152b29257d887f478722a551d202f69) Importer(815301076,1909f56bfc062723c751e8b465ee728b)
Start importing Assets/Sprites/tilemap/IndustrialTile_40.png using Guid(3152b29257d887f478722a551d202f69) Importer(815301076,1909f56bfc062723c751e8b465ee728b)  -> (artifact id: '4a64d5973b625967c73150db0bd941cf') in 0.023441 seconds
Number of updated asset objects reloaded before import = 0
Number of asset objects unloaded after import = 3
========================================================================
Received Import Request.
  Time since last request: 0.581667 seconds.
  path: Assets/Sprites/tilemap/IndustrialTile_45.png
  artifactKey: Guid(d13f893ce6cc1fd44b010f6e85edf193) Importer(815301076,1909f56bfc062723c751e8b465ee728b)
Start importing Assets/Sprites/tilemap/IndustrialTile_45.png using Guid(d13f893ce6cc1fd44b010f6e85edf193) Importer(815301076,1909f56bfc062723c751e8b465ee728b)  -> (artifact id: 'fa90d6d6b4b1dbfaa7fa9b90945b82d8') in 0.019494 seconds
Number of updated asset objects reloaded before import = 0
Number of asset objects unloaded after import = 3
========================================================================
Received Import Request.
  Time since last request: 0.003104 seconds.
  path: Assets/Sprites/tilemap/IndustrialTile_49.png
  artifactKey: Guid(d8cef7b38db1fb443a9e703f3de4db9b) Importer(815301076,1909f56bfc062723c751e8b465ee728b)
Start importing Assets/Sprites/tilemap/IndustrialTile_49.png using Guid(d8cef7b38db1fb443a9e703f3de4db9b) Importer(815301076,1909f56bfc062723c751e8b465ee728b)  -> (artifact id: '559ceaa65493a1b7194127ec652c99ff') in 0.020775 seconds
Number of updated asset objects reloaded before import = 0
Number of asset objects unloaded after import = 3
========================================================================
Received Import Request.
  Time since last request: 0.001605 seconds.
  path: Assets/Sprites/tilemap/IndustrialTile_53.png
  artifactKey: Guid(b5429a144ee045d4c9128c8370498876) Importer(815301076,1909f56bfc062723c751e8b465ee728b)
Start importing Assets/Sprites/tilemap/IndustrialTile_53.png using Guid(b5429a144ee045d4c9128c8370498876) Importer(815301076,1909f56bfc062723c751e8b465ee728b)  -> (artifact id: '1219009565a666305df5e7cd56b85895') in 0.020655 seconds
Number of updated asset objects reloaded before import = 0
Number of asset objects unloaded after import = 3
========================================================================
Received Import Request.
  Time since last request: 0.014367 seconds.
  path: Assets/Sprites/tilemap/IndustrialTile_57.png
  artifactKey: Guid(b7a7072c5c479d945a3dc4a2464f11a6) Importer(815301076,1909f56bfc062723c751e8b465ee728b)
Start importing Assets/Sprites/tilemap/IndustrialTile_57.png using Guid(b7a7072c5c479d945a3dc4a2464f11a6) Importer(815301076,1909f56bfc062723c751e8b465ee728b)  -> (artifact id: 'f38eaa1e4ccd94383a348dc3ebcea97d') in 0.021681 seconds
Number of updated asset objects reloaded before import = 0
Number of asset objects unloaded after import = 3
========================================================================
Received Import Request.
  Time since last request: 0.000650 seconds.
  path: Assets/Sprites/tilemap/IndustrialTile_61.png
  artifactKey: Guid(2680d75414e6adc4f8c73b3118bdd354) Importer(815301076,1909f56bfc062723c751e8b465ee728b)
Start importing Assets/Sprites/tilemap/IndustrialTile_61.png using Guid(2680d75414e6adc4f8c73b3118bdd354) Importer(815301076,1909f56bfc062723c751e8b465ee728b)  -> (artifact id: 'b0c10ea6c779ea2d40247825d4e067a8') in 0.021936 seconds
Number of updated asset objects reloaded before import = 0
Number of asset objects unloaded after import = 3
========================================================================
Received Import Request.
  Time since last request: 0.000737 seconds.
  path: Assets/Sprites/tilemap/IndustrialTile_65.png
  artifactKey: Guid(4f7222a8f21639749b6a05f09477358b) Importer(815301076,1909f56bfc062723c751e8b465ee728b)
Start importing Assets/Sprites/tilemap/IndustrialTile_65.png using Guid(4f7222a8f21639749b6a05f09477358b) Importer(815301076,1909f56bfc062723c751e8b465ee728b)  -> (artifact id: 'f9609a447855cd4f66fdfb757bf7b276') in 0.021223 seconds
Number of updated asset objects reloaded before import = 0
Number of asset objects unloaded after import = 3
========================================================================
Received Import Request.
  Time since last request: 0.001376 seconds.
  path: Assets/Sprites/tilemap/IndustrialTile_69.png
  artifactKey: Guid(30a5463d0ab32a646b08a33943dd2287) Importer(815301076,1909f56bfc062723c751e8b465ee728b)
Start importing Assets/Sprites/tilemap/IndustrialTile_69.png using Guid(30a5463d0ab32a646b08a33943dd2287) Importer(815301076,1909f56bfc062723c751e8b465ee728b)  -> (artifact id: '9ea909c8f0acda46b4cc9e3fe03bc87c') in 0.020799 seconds
Number of updated asset objects reloaded before import = 0
Number of asset objects unloaded after import = 3
========================================================================
Received Import Request.
  Time since last request: 0.003339 seconds.
  path: Assets/Sprites/tilemap/IndustrialTile_73.png
  artifactKey: Guid(c882d7b7bddd1ff41b7e31f0d6bab3a4) Importer(815301076,1909f56bfc062723c751e8b465ee728b)
Start importing Assets/Sprites/tilemap/IndustrialTile_73.png using Guid(c882d7b7bddd1ff41b7e31f0d6bab3a4) Importer(815301076,1909f56bfc062723c751e8b465ee728b)  -> (artifact id: 'e68500beef07b29a6839fc9a2c0396fe') in 0.020244 seconds
Number of updated asset objects reloaded before import = 0
Number of asset objects unloaded after import = 3
========================================================================
Received Import Request.
  Time since last request: 0.002975 seconds.
  path: Assets/Sprites/tilemap/IndustrialTile_77.png
  artifactKey: Guid(96b2467322064544a8ea08039f13c8e9) Importer(815301076,1909f56bfc062723c751e8b465ee728b)
Start importing Assets/Sprites/tilemap/IndustrialTile_77.png using Guid(96b2467322064544a8ea08039f13c8e9) Importer(815301076,1909f56bfc062723c751e8b465ee728b)  -> (artifact id: '9909237196ff9b91000e613efdbe9a39') in 0.020965 seconds
Number of updated asset objects reloaded before import = 0
Number of asset objects unloaded after import = 3
========================================================================
Received Import Request.
  Time since last request: 0.040176 seconds.
  path: Assets/Sprites/tilemap/IndustrialTile_81.png
  artifactKey: Guid(04a04d6eb9cc19d4daeeee09b702d57e) Importer(815301076,1909f56bfc062723c751e8b465ee728b)
Start importing Assets/Sprites/tilemap/IndustrialTile_81.png using Guid(04a04d6eb9cc19d4daeeee09b702d57e) Importer(815301076,1909f56bfc062723c751e8b465ee728b)  -> (artifact id: '8d4fcc1396888312e5a5dcb0923790a6') in 0.022900 seconds
Number of updated asset objects reloaded before import = 0
Number of asset objects unloaded after import = 3
