Using pre-set license
Built from '2022.3/staging' branch; Version is '2022.3.9f1 (ea401c316338) revision 15351836'; Using compiler version '192829333'; Build Type 'Release'
OS: 'Windows 11  (10.0.22621) 64bit CoreSingleLanguage' Language: 'pt' Physical Memory: 15741 MB
BatchMode: 1, IsHumanControllingUs: 0, StartBugReporterOnCrash: 0, Is64bit: 1, IsPro: 1

COMMAND LINE ARGUMENTS:
C:\Program Files\Unity\Hub\Editor\2022.3.9f1\Editor\Unity.exe
-adb2
-batchMode
-noUpm
-name
AssetImportWorker3
-projectPath
C:/Users/aryel/OneDrive/Área de Trabalho/walter/Walter/Walter/Walter
-logFile
Logs/AssetImportWorker3.log
-srvPort
59157
Successfully changed project path to: C:/Users/aryel/OneDrive/Área de Trabalho/walter/Walter/Walter/Walter
C:/Users/aryel/OneDrive/Área de Trabalho/walter/Walter/Walter/Walter
[UnityMemory] Configuration Parameters - Can be set up in boot.config
    "memorysetup-bucket-allocator-granularity=16"
    "memorysetup-bucket-allocator-bucket-count=8"
    "memorysetup-bucket-allocator-block-size=33554432"
    "memorysetup-bucket-allocator-block-count=8"
    "memorysetup-main-allocator-block-size=16777216"
    "memorysetup-thread-allocator-block-size=16777216"
    "memorysetup-gfx-main-allocator-block-size=16777216"
    "memorysetup-gfx-thread-allocator-block-size=16777216"
    "memorysetup-cache-allocator-block-size=4194304"
    "memorysetup-typetree-allocator-block-size=2097152"
    "memorysetup-profiler-bucket-allocator-granularity=16"
    "memorysetup-profiler-bucket-allocator-bucket-count=8"
    "memorysetup-profiler-bucket-allocator-block-size=33554432"
    "memorysetup-profiler-bucket-allocator-block-count=8"
    "memorysetup-profiler-allocator-block-size=16777216"
    "memorysetup-profiler-editor-allocator-block-size=1048576"
    "memorysetup-temp-allocator-size-main=16777216"
    "memorysetup-job-temp-allocator-block-size=2097152"
    "memorysetup-job-temp-allocator-block-size-background=1048576"
    "memorysetup-job-temp-allocator-reduction-small-platforms=262144"
    "memorysetup-allocator-temp-initial-block-size-main=262144"
    "memorysetup-allocator-temp-initial-block-size-worker=262144"
    "memorysetup-temp-allocator-size-background-worker=32768"
    "memorysetup-temp-allocator-size-job-worker=262144"
    "memorysetup-temp-allocator-size-preload-manager=33554432"
    "memorysetup-temp-allocator-size-nav-mesh-worker=65536"
    "memorysetup-temp-allocator-size-audio-worker=65536"
    "memorysetup-temp-allocator-size-cloud-worker=32768"
    "memorysetup-temp-allocator-size-gi-baking-worker=262144"
    "memorysetup-temp-allocator-size-gfx=262144"
Player connection [2432] Host "[IP] 192.168.142.17 [Port] 0 [Flags] 2 [Guid] 4152693698 [EditorId] 4152693698 [Version] 1048832 [Id] WindowsEditor(7,Aryel) [Debug] 1 [PackageName] WindowsEditor [ProjectName] Editor" joined multi-casting on [225.0.0.222:54997]...

Player connection [2432] Host "[IP] 192.168.142.17 [Port] 0 [Flags] 2 [Guid] 4152693698 [EditorId] 4152693698 [Version] 1048832 [Id] WindowsEditor(7,Aryel) [Debug] 1 [PackageName] WindowsEditor [ProjectName] Editor" joined alternative multi-casting on [225.0.0.222:34997]...

[Physics::Module] Initialized MultithreadedJobDispatcher with 15 workers.
Refreshing native plugins compatible for Editor in 18.02 ms, found 4 plugins.
Preloading 0 native plugins for Editor in 0.00 ms.
Initialize engine version: 2022.3.9f1 (ea401c316338)
[Subsystems] Discovering subsystems at path C:/Program Files/Unity/Hub/Editor/2022.3.9f1/Editor/Data/Resources/UnitySubsystems
[Subsystems] Discovering subsystems at path C:/Users/aryel/OneDrive/Área de Trabalho/walter/Walter/Walter/Walter/Assets
GfxDevice: creating device client; threaded=0; jobified=0
Direct3D:
    Version:  Direct3D 11.0 [level 11.1]
    Renderer: NVIDIA GeForce GTX 1650 (ID=0x1f99)
    Vendor:   NVIDIA
    VRAM:     3950 MB
    Driver:   31.0.15.3742
Initialize mono
Mono path[0] = 'C:/Program Files/Unity/Hub/Editor/2022.3.9f1/Editor/Data/Managed'
Mono path[1] = 'C:/Program Files/Unity/Hub/Editor/2022.3.9f1/Editor/Data/MonoBleedingEdge/lib/mono/unityjit-win32'
Mono config path = 'C:/Program Files/Unity/Hub/Editor/2022.3.9f1/Editor/Data/MonoBleedingEdge/etc'
Using monoOptions --debugger-agent=transport=dt_socket,embedding=1,server=y,suspend=n,address=127.0.0.1:56120
Begin MonoManager ReloadAssembly
Registering precompiled unity dll's ...
Register platform support module: C:/Program Files/Unity/Hub/Editor/2022.3.9f1/Editor/Data/PlaybackEngines/WindowsStandaloneSupport/UnityEditor.WindowsStandalone.Extensions.dll
Registered in 0.010493 seconds.
- Loaded All Assemblies, in  0.497 seconds
Native extension for WindowsStandalone target not found
Mono: successfully reloaded assembly
- Finished resetting the current domain, in  0.365 seconds
Domain Reload Profiling: 860ms
	BeginReloadAssembly (146ms)
		ExecutionOrderSort (0ms)
		DisableScriptedObjects (0ms)
		BackupInstance (0ms)
		ReleaseScriptingObjects (0ms)
		CreateAndSetChildDomain (1ms)
	RebuildCommonClasses (51ms)
	RebuildNativeTypeToScriptingClass (13ms)
	initialDomainReloadingComplete (73ms)
	LoadAllAssembliesAndSetupDomain (210ms)
		LoadAssemblies (143ms)
		RebuildTransferFunctionScriptingTraits (0ms)
		AnalyzeDomain (208ms)
			TypeCache.Refresh (206ms)
				TypeCache.ScanAssembly (186ms)
			ScanForSourceGeneratedMonoScriptInfo (0ms)
			ResolveRequiredComponents (0ms)
	FinalizeReload (366ms)
		ReleaseScriptCaches (0ms)
		RebuildScriptCaches (0ms)
		SetupLoadedEditorAssemblies (286ms)
			LogAssemblyErrors (0ms)
			InitializePlatformSupportModulesInManaged (12ms)
			SetLoadedEditorAssemblies (9ms)
			RefreshPlugins (0ms)
			BeforeProcessingInitializeOnLoad (2ms)
			ProcessInitializeOnLoadAttributes (187ms)
			ProcessInitializeOnLoadMethodAttributes (75ms)
			AfterProcessingInitializeOnLoad (0ms)
			EditorAssembliesLoaded (0ms)
		ExecutionOrderSort2 (0ms)
		AwakeInstancesAfterBackupRestoration (0ms)
========================================================================
Worker process is ready to serve import requests
Begin MonoManager ReloadAssembly
- Loaded All Assemblies, in  0.903 seconds
Refreshing native plugins compatible for Editor in 5.44 ms, found 4 plugins.
Native extension for WindowsStandalone target not found
Package Manager log level set to [2]
[Package Manager] Server::EnsureServerProcessIsRunning -- launch failed, reason: Unity was launched with the -noUpm command-line argument
[Package Manager] UpmClient::Send -- Unable to send message (not connected to UPM process).
[Package Manager] Cannot connect to Unity Package Manager local server
Mono: successfully reloaded assembly
- Finished resetting the current domain, in  1.081 seconds
Domain Reload Profiling: 1979ms
	BeginReloadAssembly (191ms)
		ExecutionOrderSort (0ms)
		DisableScriptedObjects (7ms)
		BackupInstance (0ms)
		ReleaseScriptingObjects (0ms)
		CreateAndSetChildDomain (27ms)
	RebuildCommonClasses (39ms)
	RebuildNativeTypeToScriptingClass (12ms)
	initialDomainReloadingComplete (62ms)
	LoadAllAssembliesAndSetupDomain (593ms)
		LoadAssemblies (467ms)
		RebuildTransferFunctionScriptingTraits (0ms)
		AnalyzeDomain (238ms)
			TypeCache.Refresh (198ms)
				TypeCache.ScanAssembly (176ms)
			ScanForSourceGeneratedMonoScriptInfo (33ms)
			ResolveRequiredComponents (5ms)
	FinalizeReload (1082ms)
		ReleaseScriptCaches (0ms)
		RebuildScriptCaches (0ms)
		SetupLoadedEditorAssemblies (887ms)
			LogAssemblyErrors (0ms)
			InitializePlatformSupportModulesInManaged (9ms)
			SetLoadedEditorAssemblies (4ms)
			RefreshPlugins (0ms)
			BeforeProcessingInitializeOnLoad (100ms)
			ProcessInitializeOnLoadAttributes (702ms)
			ProcessInitializeOnLoadMethodAttributes (61ms)
			AfterProcessingInitializeOnLoad (12ms)
			EditorAssembliesLoaded (0ms)
		ExecutionOrderSort2 (0ms)
		AwakeInstancesAfterBackupRestoration (8ms)
Launched and connected shader compiler UnityShaderCompiler.exe after 0.05 seconds
Refreshing native plugins compatible for Editor in 9.08 ms, found 4 plugins.
Preloading 0 native plugins for Editor in 0.00 ms.
Unloading 4056 Unused Serialized files (Serialized files now loaded: 0)
Unloading 63 unused Assets / (60.5 KB). Loaded Objects now: 4521.
Memory consumption went from 141.8 MB to 141.7 MB.
Total: 6.199100 ms (FindLiveObjects: 0.434700 ms CreateObjectMapping: 0.313800 ms MarkObjects: 5.182400 ms  DeleteObjects: 0.265500 ms)

AssetImportParameters requested are different than current active one (requested -> active):
  custom:container-demuxer-ogg: 62fdf1f143b41e24485cea50d1cbac27 -> 
  custom:video-decoder-ogg-theora: a1e56fd34408186e4bbccfd4996cb3dc -> 
  custom:framework-win-MediaFoundation: 216162199b28c13a410421893ffa2e32 -> 
  custom:CustomObjectIndexerAttribute: 756ad292c208cfabdd7b50bc23989ffe -> 
  custom:container-demuxer-webm: 4f35f7cbe854078d1ac9338744f61a02 -> 
  custom:container-muxer-webm: aa71ff27fc2769a1b78a27578f13a17b -> 
  custom:video-decoder-webm-vp8: 9c59270c3fd7afecdb556c50c9e8de78 -> 
  custom:SearchIndexIgnoredProperties: e643bd26f0fe6173181afceb89e7c659 -> 
  custom:AudioImporter_EditorPlatform: d09bf68614088b80899f8185d706f6e7 -> 
  custom:video-encoder-webm-vp8: eb34c28f22e8b96e1ab97ce403110664 -> 
  custom:audio-decoder-ogg-vorbis: bf7c407c2cedff20999df2af8eb42d56 -> 
  custom:audio-encoder-webm-vorbis: bf7c407c2cedff20999df2af8eb42d56 -> 
========================================================================
Received Import Request.
  Time since last request: 70752.829015 seconds.
  path: Assets/image.png
  artifactKey: Guid(1994779d427989245bdcf3297ceddf37) Importer(815301076,1909f56bfc062723c751e8b465ee728b)
Start importing Assets/image.png using Guid(1994779d427989245bdcf3297ceddf37) Importer(815301076,1909f56bfc062723c751e8b465ee728b)  -> (artifact id: 'f880639e7a4423b26191b51a14322264') in 0.121625 seconds
Number of updated asset objects reloaded before import = 0
Number of asset objects unloaded after import = 3
========================================================================
Received Import Request.
  Time since last request: 0.000056 seconds.
  path: Assets/Idle.png
  artifactKey: Guid(db1d2c28648775a4989dead96539f3e1) Importer(815301076,1909f56bfc062723c751e8b465ee728b)
Start importing Assets/Idle.png using Guid(db1d2c28648775a4989dead96539f3e1) Importer(815301076,1909f56bfc062723c751e8b465ee728b)  -> (artifact id: '085b6e019ae866b7824f235adab2afbb') in 0.054546 seconds
Number of updated asset objects reloaded before import = 0
Number of asset objects unloaded after import = 10
========================================================================
Received Import Request.
  Time since last request: 0.000021 seconds.
  path: Assets/Free Vector _ Game over pixelated background.png
  artifactKey: Guid(ffd87727855db6245ae0710ec08529b6) Importer(815301076,1909f56bfc062723c751e8b465ee728b)
Start importing Assets/Free Vector _ Game over pixelated background.png using Guid(ffd87727855db6245ae0710ec08529b6) Importer(815301076,1909f56bfc062723c751e8b465ee728b)  -> (artifact id: '2f193ab54b4be547db78952d09d87760') in 0.030364 seconds
Number of updated asset objects reloaded before import = 0
Number of asset objects unloaded after import = 3
========================================================================
Received Import Request.
  Time since last request: 0.000027 seconds.
  path: Assets/luiz.png
  artifactKey: Guid(ae06a561e868fc54b97713317b44f848) Importer(815301076,1909f56bfc062723c751e8b465ee728b)
Start importing Assets/luiz.png using Guid(ae06a561e868fc54b97713317b44f848) Importer(815301076,1909f56bfc062723c751e8b465ee728b)  -> (artifact id: '7750426ff34e7fdb08262dce4389aa3c') in 0.022315 seconds
Number of updated asset objects reloaded before import = 0
Number of asset objects unloaded after import = 3
========================================================================
Received Prepare
Begin MonoManager ReloadAssembly
- Loaded All Assemblies, in  0.699 seconds
Refreshing native plugins compatible for Editor in 7.54 ms, found 4 plugins.
Native extension for WindowsStandalone target not found
[Package Manager] Server::EnsureServerProcessIsRunning -- launch failed, reason: Unity was launched with the -noUpm command-line argument
[Package Manager] UpmClient::Send -- Unable to send message (not connected to UPM process).
[Package Manager] Cannot connect to Unity Package Manager local server
Mono: successfully reloaded assembly
- Finished resetting the current domain, in  1.730 seconds
Domain Reload Profiling: 2423ms
	BeginReloadAssembly (213ms)
		ExecutionOrderSort (0ms)
		DisableScriptedObjects (14ms)
		BackupInstance (0ms)
		ReleaseScriptingObjects (0ms)
		CreateAndSetChildDomain (45ms)
	RebuildCommonClasses (41ms)
	RebuildNativeTypeToScriptingClass (21ms)
	initialDomainReloadingComplete (42ms)
	LoadAllAssembliesAndSetupDomain (375ms)
		LoadAssemblies (453ms)
		RebuildTransferFunctionScriptingTraits (0ms)
		AnalyzeDomain (42ms)
			TypeCache.Refresh (14ms)
				TypeCache.ScanAssembly (1ms)
			ScanForSourceGeneratedMonoScriptInfo (19ms)
			ResolveRequiredComponents (9ms)
	FinalizeReload (1731ms)
		ReleaseScriptCaches (0ms)
		RebuildScriptCaches (0ms)
		SetupLoadedEditorAssemblies (792ms)
			LogAssemblyErrors (0ms)
			InitializePlatformSupportModulesInManaged (8ms)
			SetLoadedEditorAssemblies (5ms)
			RefreshPlugins (0ms)
			BeforeProcessingInitializeOnLoad (100ms)
			ProcessInitializeOnLoadAttributes (633ms)
			ProcessInitializeOnLoadMethodAttributes (34ms)
			AfterProcessingInitializeOnLoad (12ms)
			EditorAssembliesLoaded (0ms)
		ExecutionOrderSort2 (0ms)
		AwakeInstancesAfterBackupRestoration (12ms)
Refreshing native plugins compatible for Editor in 8.13 ms, found 4 plugins.
Preloading 0 native plugins for Editor in 0.00 ms.
Unloading 4030 Unused Serialized files (Serialized files now loaded: 0)
Unloading 36 unused Assets / (35.2 KB). Loaded Objects now: 4542.
Memory consumption went from 140.3 MB to 140.2 MB.
Total: 4.103900 ms (FindLiveObjects: 0.523700 ms CreateObjectMapping: 0.369300 ms MarkObjects: 3.146700 ms  DeleteObjects: 0.062500 ms)

Prepare: number of updated asset objects reloaded= 0
AssetImportParameters requested are different than current active one (requested -> active):
  custom:container-demuxer-ogg: 62fdf1f143b41e24485cea50d1cbac27 -> 
  custom:video-decoder-ogg-theora: a1e56fd34408186e4bbccfd4996cb3dc -> 
  custom:framework-win-MediaFoundation: 216162199b28c13a410421893ffa2e32 -> 
  custom:CustomObjectIndexerAttribute: 756ad292c208cfabdd7b50bc23989ffe -> 
  custom:container-demuxer-webm: 4f35f7cbe854078d1ac9338744f61a02 -> 
  custom:container-muxer-webm: aa71ff27fc2769a1b78a27578f13a17b -> 
  custom:video-decoder-webm-vp8: 9c59270c3fd7afecdb556c50c9e8de78 -> 
  custom:SearchIndexIgnoredProperties: e643bd26f0fe6173181afceb89e7c659 -> 
  custom:AudioImporter_EditorPlatform: d09bf68614088b80899f8185d706f6e7 -> 
  custom:video-encoder-webm-vp8: eb34c28f22e8b96e1ab97ce403110664 -> 
  custom:audio-decoder-ogg-vorbis: bf7c407c2cedff20999df2af8eb42d56 -> 
  custom:audio-encoder-webm-vorbis: bf7c407c2cedff20999df2af8eb42d56 -> 
========================================================================
Received Prepare
Begin MonoManager ReloadAssembly
- Loaded All Assemblies, in  0.617 seconds
Refreshing native plugins compatible for Editor in 9.16 ms, found 4 plugins.
Native extension for WindowsStandalone target not found
[Package Manager] Server::EnsureServerProcessIsRunning -- launch failed, reason: Unity was launched with the -noUpm command-line argument
[Package Manager] UpmClient::Send -- Unable to send message (not connected to UPM process).
[Package Manager] Cannot connect to Unity Package Manager local server
Mono: successfully reloaded assembly
- Finished resetting the current domain, in  1.690 seconds
Domain Reload Profiling: 2300ms
	BeginReloadAssembly (196ms)
		ExecutionOrderSort (0ms)
		DisableScriptedObjects (12ms)
		BackupInstance (0ms)
		ReleaseScriptingObjects (0ms)
		CreateAndSetChildDomain (51ms)
	RebuildCommonClasses (40ms)
	RebuildNativeTypeToScriptingClass (16ms)
	initialDomainReloadingComplete (39ms)
	LoadAllAssembliesAndSetupDomain (320ms)
		LoadAssemblies (400ms)
		RebuildTransferFunctionScriptingTraits (0ms)
		AnalyzeDomain (16ms)
			TypeCache.Refresh (7ms)
				TypeCache.ScanAssembly (0ms)
			ScanForSourceGeneratedMonoScriptInfo (0ms)
			ResolveRequiredComponents (8ms)
	FinalizeReload (1690ms)
		ReleaseScriptCaches (0ms)
		RebuildScriptCaches (0ms)
		SetupLoadedEditorAssemblies (824ms)
			LogAssemblyErrors (0ms)
			InitializePlatformSupportModulesInManaged (7ms)
			SetLoadedEditorAssemblies (7ms)
			RefreshPlugins (0ms)
			BeforeProcessingInitializeOnLoad (104ms)
			ProcessInitializeOnLoadAttributes (660ms)
			ProcessInitializeOnLoadMethodAttributes (37ms)
			AfterProcessingInitializeOnLoad (9ms)
			EditorAssembliesLoaded (0ms)
		ExecutionOrderSort2 (0ms)
		AwakeInstancesAfterBackupRestoration (18ms)
Refreshing native plugins compatible for Editor in 10.32 ms, found 4 plugins.
Preloading 0 native plugins for Editor in 0.00 ms.
Unloading 4031 Unused Serialized files (Serialized files now loaded: 0)
Unloading 35 unused Assets / (34.7 KB). Loaded Objects now: 4546.
Memory consumption went from 140.5 MB to 140.5 MB.
Total: 5.876500 ms (FindLiveObjects: 0.475200 ms CreateObjectMapping: 0.290300 ms MarkObjects: 4.993800 ms  DeleteObjects: 0.114800 ms)

Prepare: number of updated asset objects reloaded= 0
AssetImportParameters requested are different than current active one (requested -> active):
  custom:container-demuxer-ogg: 62fdf1f143b41e24485cea50d1cbac27 -> 
  custom:video-decoder-ogg-theora: a1e56fd34408186e4bbccfd4996cb3dc -> 
  custom:framework-win-MediaFoundation: 216162199b28c13a410421893ffa2e32 -> 
  custom:CustomObjectIndexerAttribute: 756ad292c208cfabdd7b50bc23989ffe -> 
  custom:container-demuxer-webm: 4f35f7cbe854078d1ac9338744f61a02 -> 
  custom:container-muxer-webm: aa71ff27fc2769a1b78a27578f13a17b -> 
  custom:video-decoder-webm-vp8: 9c59270c3fd7afecdb556c50c9e8de78 -> 
  custom:SearchIndexIgnoredProperties: e643bd26f0fe6173181afceb89e7c659 -> 
  custom:AudioImporter_EditorPlatform: d09bf68614088b80899f8185d706f6e7 -> 
  custom:video-encoder-webm-vp8: eb34c28f22e8b96e1ab97ce403110664 -> 
  custom:audio-decoder-ogg-vorbis: bf7c407c2cedff20999df2af8eb42d56 -> 
  custom:audio-encoder-webm-vorbis: bf7c407c2cedff20999df2af8eb42d56 -> 
========================================================================
Received Import Request.
  Time since last request: 221.100575 seconds.
  path: Assets/Sprites/james-doyle-2-1.gif
  artifactKey: Guid(bc2a5f20103bd294695ea345844a227b) Importer(815301076,1909f56bfc062723c751e8b465ee728b)
Start importing Assets/Sprites/james-doyle-2-1.gif using Guid(bc2a5f20103bd294695ea345844a227b) Importer(815301076,1909f56bfc062723c751e8b465ee728b)  -> (artifact id: '4e85d38d3e0be0b119ef09fd0dc9de5d') in 0.127554 seconds
Number of updated asset objects reloaded before import = 0
Number of asset objects unloaded after import = 3
========================================================================
Received Import Request.
  Time since last request: 0.003106 seconds.
  path: Assets/Sprites/Tela de fundo.renderTexture
  artifactKey: Guid(9a2c68184d70c8442bb1531e2a88584f) Importer(815301076,1909f56bfc062723c751e8b465ee728b)
Start importing Assets/Sprites/Tela de fundo.renderTexture using Guid(9a2c68184d70c8442bb1531e2a88584f) Importer(815301076,1909f56bfc062723c751e8b465ee728b)  -> (artifact id: '3df772ed49c1937dfd9c32b8c7fc07a4') in 0.040441 seconds
Number of updated asset objects reloaded before import = 0
Number of asset objects unloaded after import = 2
========================================================================
Received Import Request.
  Time since last request: 0.000031 seconds.
  path: Assets/Sprites/Spike.png
  artifactKey: Guid(991e3e4277867434abf21681a3902ddb) Importer(815301076,1909f56bfc062723c751e8b465ee728b)
Start importing Assets/Sprites/Spike.png using Guid(991e3e4277867434abf21681a3902ddb) Importer(815301076,1909f56bfc062723c751e8b465ee728b)  -> (artifact id: 'f0f521bb2acc1df6fa49497ae39fe8a6') in 0.028311 seconds
Number of updated asset objects reloaded before import = 0
Number of asset objects unloaded after import = 3
========================================================================
Received Import Request.
  Time since last request: 9.314476 seconds.
  path: Assets/Sprites/BackGorund Industrial/3.png
  artifactKey: Guid(183d033f9d2ef994fb088da615469d55) Importer(815301076,1909f56bfc062723c751e8b465ee728b)
Start importing Assets/Sprites/BackGorund Industrial/3.png using Guid(183d033f9d2ef994fb088da615469d55) Importer(815301076,1909f56bfc062723c751e8b465ee728b)  -> (artifact id: 'e366f160eb15442cbd81006a13e4ab73') in 0.030546 seconds
Number of updated asset objects reloaded before import = 0
Number of asset objects unloaded after import = 3
========================================================================
Received Import Request.
  Time since last request: 0.000107 seconds.
  path: Assets/Sprites/BackGorund Industrial/5.png
  artifactKey: Guid(04601d9c0527d0b44a7550f404f92203) Importer(815301076,1909f56bfc062723c751e8b465ee728b)
Start importing Assets/Sprites/BackGorund Industrial/5.png using Guid(04601d9c0527d0b44a7550f404f92203) Importer(815301076,1909f56bfc062723c751e8b465ee728b)  -> (artifact id: '40948708d2cafc0f016c8759af267150') in 0.029317 seconds
Number of updated asset objects reloaded before import = 0
Number of asset objects unloaded after import = 3
========================================================================
Received Import Request.
  Time since last request: 4.249428 seconds.
  path: Assets/Sprites/tilemap/IndustrialTile_03.asset
  artifactKey: Guid(00117cd29444a294591782721e7d85e8) Importer(815301076,1909f56bfc062723c751e8b465ee728b)
Start importing Assets/Sprites/tilemap/IndustrialTile_03.asset using Guid(00117cd29444a294591782721e7d85e8) Importer(815301076,1909f56bfc062723c751e8b465ee728b)  -> (artifact id: '50b409604590a0926d5520de40a224c9') in 0.022732 seconds
Number of updated asset objects reloaded before import = 0
Number of asset objects unloaded after import = 3
========================================================================
Received Import Request.
  Time since last request: 0.000023 seconds.
  path: Assets/Sprites/tilemap/IndustrialTile_08.png
  artifactKey: Guid(72b9a86ce5139c949848583086fbabdf) Importer(815301076,1909f56bfc062723c751e8b465ee728b)
Start importing Assets/Sprites/tilemap/IndustrialTile_08.png using Guid(72b9a86ce5139c949848583086fbabdf) Importer(815301076,1909f56bfc062723c751e8b465ee728b)  -> (artifact id: 'ea0472651b19f9c8cc76127e3b219cef') in 0.025225 seconds
Number of updated asset objects reloaded before import = 0
Number of asset objects unloaded after import = 3
========================================================================
Received Import Request.
  Time since last request: 0.000036 seconds.
  path: Assets/Sprites/tilemap/IndustrialTile_15.asset
  artifactKey: Guid(6be6d9b3edacb424db112b7c1c0b5d6b) Importer(815301076,1909f56bfc062723c751e8b465ee728b)
Start importing Assets/Sprites/tilemap/IndustrialTile_15.asset using Guid(6be6d9b3edacb424db112b7c1c0b5d6b) Importer(815301076,1909f56bfc062723c751e8b465ee728b)  -> (artifact id: '5b63d1ef8932b4f1d09ebe669d4e56d4') in 0.012270 seconds
Number of updated asset objects reloaded before import = 0
Number of asset objects unloaded after import = 3
========================================================================
Received Import Request.
  Time since last request: 0.000024 seconds.
  path: Assets/Sprites/tilemap/IndustrialTile_15.png
  artifactKey: Guid(0f7ecd296c76f994d8ad9c77c03497bc) Importer(815301076,1909f56bfc062723c751e8b465ee728b)
Start importing Assets/Sprites/tilemap/IndustrialTile_15.png using Guid(0f7ecd296c76f994d8ad9c77c03497bc) Importer(815301076,1909f56bfc062723c751e8b465ee728b)  -> (artifact id: 'fd18706d644509e0f6dd0a67f61cde13') in 0.023817 seconds
Number of updated asset objects reloaded before import = 0
Number of asset objects unloaded after import = 3
========================================================================
Received Import Request.
  Time since last request: 0.000026 seconds.
  path: Assets/Sprites/tilemap/IndustrialTile_19.png
  artifactKey: Guid(295e7ecd646878446b7785140d7d4a66) Importer(815301076,1909f56bfc062723c751e8b465ee728b)
Start importing Assets/Sprites/tilemap/IndustrialTile_19.png using Guid(295e7ecd646878446b7785140d7d4a66) Importer(815301076,1909f56bfc062723c751e8b465ee728b)  -> (artifact id: 'e490373e786059247eabde559599583b') in 0.024186 seconds
Number of updated asset objects reloaded before import = 0
Number of asset objects unloaded after import = 3
========================================================================
Received Import Request.
  Time since last request: 0.000025 seconds.
  path: Assets/Sprites/tilemap/IndustrialTile_10.png
  artifactKey: Guid(835293a367a65d946bfab7590d54e80a) Importer(815301076,1909f56bfc062723c751e8b465ee728b)
Start importing Assets/Sprites/tilemap/IndustrialTile_10.png using Guid(835293a367a65d946bfab7590d54e80a) Importer(815301076,1909f56bfc062723c751e8b465ee728b)  -> (artifact id: '5a240dc699c1701baca035e83c70edb8') in 0.022270 seconds
Number of updated asset objects reloaded before import = 0
Number of asset objects unloaded after import = 3
========================================================================
Received Import Request.
  Time since last request: 0.000020 seconds.
  path: Assets/Sprites/tilemap/IndustrialTile_27.png
  artifactKey: Guid(3452bad9017e9b849b669da1ce718a90) Importer(815301076,1909f56bfc062723c751e8b465ee728b)
Start importing Assets/Sprites/tilemap/IndustrialTile_27.png using Guid(3452bad9017e9b849b669da1ce718a90) Importer(815301076,1909f56bfc062723c751e8b465ee728b)  -> (artifact id: '04c310ecb2a95e113e32a0a593325d99') in 0.022405 seconds
Number of updated asset objects reloaded before import = 0
Number of asset objects unloaded after import = 3
========================================================================
Received Import Request.
  Time since last request: 0.000023 seconds.
  path: Assets/Sprites/tilemap/IndustrialTile_32.png
  artifactKey: Guid(c1511fbe31a3bf54995e2fbef9ea6a47) Importer(815301076,1909f56bfc062723c751e8b465ee728b)
Start importing Assets/Sprites/tilemap/IndustrialTile_32.png using Guid(c1511fbe31a3bf54995e2fbef9ea6a47) Importer(815301076,1909f56bfc062723c751e8b465ee728b)  -> (artifact id: '80fa8e5ffb2f4b2feef25d711884ad81') in 0.024192 seconds
Number of updated asset objects reloaded before import = 0
Number of asset objects unloaded after import = 3
========================================================================
Received Import Request.
  Time since last request: 0.000019 seconds.
  path: Assets/Sprites/tilemap/IndustrialTile_18.png
  artifactKey: Guid(4d44d051d3539a04887c0939302aeb4d) Importer(815301076,1909f56bfc062723c751e8b465ee728b)
Start importing Assets/Sprites/tilemap/IndustrialTile_18.png using Guid(4d44d051d3539a04887c0939302aeb4d) Importer(815301076,1909f56bfc062723c751e8b465ee728b)  -> (artifact id: 'a16c79fee305f5f458ed62a3795cf9f9') in 0.024282 seconds
Number of updated asset objects reloaded before import = 0
Number of asset objects unloaded after import = 3
========================================================================
Received Import Request.
  Time since last request: 0.000021 seconds.
  path: Assets/Sprites/tilemap/IndustrialTile_20.png
  artifactKey: Guid(6fa275d0b010e884d846c558b5ef49bb) Importer(815301076,1909f56bfc062723c751e8b465ee728b)
Start importing Assets/Sprites/tilemap/IndustrialTile_20.png using Guid(6fa275d0b010e884d846c558b5ef49bb) Importer(815301076,1909f56bfc062723c751e8b465ee728b)  -> (artifact id: '577e8aab9a03a884fae11bf79a28b8f1') in 0.024823 seconds
Number of updated asset objects reloaded before import = 0
Number of asset objects unloaded after import = 3
========================================================================
Received Import Request.
  Time since last request: 0.000026 seconds.
  path: Assets/Sprites/tilemap/IndustrialTile_26.png
  artifactKey: Guid(e0537fcb656412b40bf922971fb4e6cc) Importer(815301076,1909f56bfc062723c751e8b465ee728b)
Start importing Assets/Sprites/tilemap/IndustrialTile_26.png using Guid(e0537fcb656412b40bf922971fb4e6cc) Importer(815301076,1909f56bfc062723c751e8b465ee728b)  -> (artifact id: '6a18b55f096619bc7f05af163c6fbc46') in 0.026966 seconds
Number of updated asset objects reloaded before import = 0
Number of asset objects unloaded after import = 3
========================================================================
Received Import Request.
  Time since last request: 0.000065 seconds.
  path: Assets/Sprites/tilemap/IndustrialTile_04.asset
  artifactKey: Guid(c6bb44dacd75b0440b9dd9112abfbef2) Importer(815301076,1909f56bfc062723c751e8b465ee728b)
Start importing Assets/Sprites/tilemap/IndustrialTile_04.asset using Guid(c6bb44dacd75b0440b9dd9112abfbef2) Importer(815301076,1909f56bfc062723c751e8b465ee728b)  -> (artifact id: '1c6181b99a29a8115261289f48b158ed') in 0.014318 seconds
Number of updated asset objects reloaded before import = 0
Number of asset objects unloaded after import = 3
========================================================================
Received Import Request.
  Time since last request: 0.583604 seconds.
  path: Assets/Sprites/tilemap/IndustrialTile_44.png
  artifactKey: Guid(161832f5dc0ea304faff6b064158a0b2) Importer(815301076,1909f56bfc062723c751e8b465ee728b)
Start importing Assets/Sprites/tilemap/IndustrialTile_44.png using Guid(161832f5dc0ea304faff6b064158a0b2) Importer(815301076,1909f56bfc062723c751e8b465ee728b)  -> (artifact id: '341525f05e0a0939fb42cfe1814f9bd2') in 0.019843 seconds
Number of updated asset objects reloaded before import = 0
Number of asset objects unloaded after import = 3
========================================================================
Received Import Request.
  Time since last request: 0.003207 seconds.
  path: Assets/Sprites/tilemap/IndustrialTile_48.png
  artifactKey: Guid(ece2e496811086845941749bfb25426c) Importer(815301076,1909f56bfc062723c751e8b465ee728b)
Start importing Assets/Sprites/tilemap/IndustrialTile_48.png using Guid(ece2e496811086845941749bfb25426c) Importer(815301076,1909f56bfc062723c751e8b465ee728b)  -> (artifact id: '472eb73a9a08a77796227f497ace0365') in 0.019135 seconds
Number of updated asset objects reloaded before import = 0
Number of asset objects unloaded after import = 3
========================================================================
Received Import Request.
  Time since last request: 0.003406 seconds.
  path: Assets/Sprites/tilemap/IndustrialTile_52.png
  artifactKey: Guid(d7fc412ad8104b744a1e57f413390d0c) Importer(815301076,1909f56bfc062723c751e8b465ee728b)
Start importing Assets/Sprites/tilemap/IndustrialTile_52.png using Guid(d7fc412ad8104b744a1e57f413390d0c) Importer(815301076,1909f56bfc062723c751e8b465ee728b)  -> (artifact id: '7c8adf93e12dfa893e1c1628581a6fbf') in 0.023215 seconds
Number of updated asset objects reloaded before import = 0
Number of asset objects unloaded after import = 3
========================================================================
Received Import Request.
  Time since last request: 0.012390 seconds.
  path: Assets/Sprites/tilemap/IndustrialTile_56.png
  artifactKey: Guid(e6c294a4e94563d499b49104f1e91d40) Importer(815301076,1909f56bfc062723c751e8b465ee728b)
Start importing Assets/Sprites/tilemap/IndustrialTile_56.png using Guid(e6c294a4e94563d499b49104f1e91d40) Importer(815301076,1909f56bfc062723c751e8b465ee728b)  -> (artifact id: 'd611ff3df11ba359a2a26066f844209a') in 0.018453 seconds
Number of updated asset objects reloaded before import = 0
Number of asset objects unloaded after import = 3
========================================================================
Received Import Request.
  Time since last request: 0.002683 seconds.
  path: Assets/Sprites/tilemap/IndustrialTile_60.png
  artifactKey: Guid(b8a648809df361e479eb2b2d914a7683) Importer(815301076,1909f56bfc062723c751e8b465ee728b)
Start importing Assets/Sprites/tilemap/IndustrialTile_60.png using Guid(b8a648809df361e479eb2b2d914a7683) Importer(815301076,1909f56bfc062723c751e8b465ee728b)  -> (artifact id: 'f222326e2896f00751b732b784f6e2a8') in 0.020773 seconds
Number of updated asset objects reloaded before import = 0
Number of asset objects unloaded after import = 3
========================================================================
Received Import Request.
  Time since last request: 0.001943 seconds.
  path: Assets/Sprites/tilemap/IndustrialTile_64.png
  artifactKey: Guid(6ca60eb59b80b7f43b4ee32a903df5cb) Importer(815301076,1909f56bfc062723c751e8b465ee728b)
Start importing Assets/Sprites/tilemap/IndustrialTile_64.png using Guid(6ca60eb59b80b7f43b4ee32a903df5cb) Importer(815301076,1909f56bfc062723c751e8b465ee728b)  -> (artifact id: '51f1dc0d87980423af8ab6d7bda34647') in 0.020601 seconds
Number of updated asset objects reloaded before import = 0
Number of asset objects unloaded after import = 3
========================================================================
Received Import Request.
  Time since last request: 0.002054 seconds.
  path: Assets/Sprites/tilemap/IndustrialTile_68.png
  artifactKey: Guid(a01cfb9664c25904485b1543bcb12d60) Importer(815301076,1909f56bfc062723c751e8b465ee728b)
Start importing Assets/Sprites/tilemap/IndustrialTile_68.png using Guid(a01cfb9664c25904485b1543bcb12d60) Importer(815301076,1909f56bfc062723c751e8b465ee728b)  -> (artifact id: '056f81cff633c1906a2fe3bb394876cc') in 0.022021 seconds
Number of updated asset objects reloaded before import = 0
Number of asset objects unloaded after import = 3
========================================================================
Received Import Request.
  Time since last request: 0.001197 seconds.
  path: Assets/Sprites/tilemap/IndustrialTile_72.png
  artifactKey: Guid(89fbf702ed240b049935a9b739a18770) Importer(815301076,1909f56bfc062723c751e8b465ee728b)
Start importing Assets/Sprites/tilemap/IndustrialTile_72.png using Guid(89fbf702ed240b049935a9b739a18770) Importer(815301076,1909f56bfc062723c751e8b465ee728b)  -> (artifact id: 'cc831c106773fa7a7c2763aee7aac471') in 0.021741 seconds
Number of updated asset objects reloaded before import = 0
Number of asset objects unloaded after import = 3
========================================================================
Received Import Request.
  Time since last request: 0.001558 seconds.
  path: Assets/Sprites/tilemap/IndustrialTile_76.png
  artifactKey: Guid(d60bb110446a5ac43a4a9aa7b0e202da) Importer(815301076,1909f56bfc062723c751e8b465ee728b)
Start importing Assets/Sprites/tilemap/IndustrialTile_76.png using Guid(d60bb110446a5ac43a4a9aa7b0e202da) Importer(815301076,1909f56bfc062723c751e8b465ee728b)  -> (artifact id: 'ca045051406fa80011e5beafcc96d341') in 0.022150 seconds
Number of updated asset objects reloaded before import = 0
Number of asset objects unloaded after import = 3
========================================================================
Received Import Request.
  Time since last request: 0.039923 seconds.
  path: Assets/Sprites/tilemap/IndustrialTile_80.png
  artifactKey: Guid(0cb7c949a5715d547836d3ca96ca6685) Importer(815301076,1909f56bfc062723c751e8b465ee728b)
Start importing Assets/Sprites/tilemap/IndustrialTile_80.png using Guid(0cb7c949a5715d547836d3ca96ca6685) Importer(815301076,1909f56bfc062723c751e8b465ee728b)  -> (artifact id: '8077ac6b7377157de08b94234a961e79') in 0.021208 seconds
Number of updated asset objects reloaded before import = 0
Number of asset objects unloaded after import = 3
